<?xml version="1.0" encoding="UTF-8"?>
<testsuite name="demo.vnu.hus.frame.FrameTestSuite" time="2.231" tests="18" errors="0" skipped="0" failures="0">
  <properties>
    <property name="java.runtime.name" value="Java(TM) SE Runtime Environment"/>
    <property name="sun.boot.library.path" value="C:\Program Files\Java\jdk1.8.0_91\jre\bin"/>
    <property name="java.vm.version" value="25.91-b15"/>
    <property name="java.vm.vendor" value="Oracle Corporation"/>
    <property name="maven.multiModuleProjectDirectory" value="E:\eclipse-jee-mars-1-win32-x86_64\workspace\Frame"/>
    <property name="java.vendor.url" value="http://java.oracle.com/"/>
    <property name="path.separator" value=";"/>
    <property name="guice.disable.misplaced.annotation.check" value="true"/>
    <property name="java.vm.name" value="Java HotSpot(TM) 64-Bit Server VM"/>
    <property name="file.encoding.pkg" value="sun.io"/>
    <property name="user.script" value=""/>
    <property name="user.country" value="US"/>
    <property name="sun.java.launcher" value="SUN_STANDARD"/>
    <property name="sun.os.patch.level" value=""/>
    <property name="java.vm.specification.name" value="Java Virtual Machine Specification"/>
    <property name="user.dir" value="E:\eclipse-jee-mars-1-win32-x86_64\workspace\Frame"/>
    <property name="java.runtime.version" value="1.8.0_91-b15"/>
    <property name="java.awt.graphicsenv" value="sun.awt.Win32GraphicsEnvironment"/>
    <property name="java.endorsed.dirs" value="C:\Program Files\Java\jdk1.8.0_91\jre\lib\endorsed"/>
    <property name="os.arch" value="amd64"/>
    <property name="java.io.tmpdir" value="C:\Users\ADMINI~1\AppData\Local\Temp\"/>
    <property name="line.separator" value="&#10;"/>
    <property name="java.vm.specification.vendor" value="Oracle Corporation"/>
    <property name="user.variant" value=""/>
    <property name="os.name" value="Windows 8.1"/>
    <property name="classworlds.conf" value="E:\apache-maven-3.3.9\bin\m2.conf"/>
    <property name="sun.jnu.encoding" value="Cp1252"/>
    <property name="java.library.path" value="C:\Program Files\Java\jdk1.8.0_91\bin;C:\Windows\Sun\Java\bin;C:\Windows\system32;C:\Windows;C:\ProgramData\Oracle\Java\javapath;C:\Windows\system32;C:\Windows;C:\Windows\System32\Wbem;C:\Windows\System32\WindowsPowerShell\v1.0\;C:\PROGRA~2\PICC;C:\Program Files (x86)\Microsoft SQL Server\100\Tools\Binn\;C:\Program Files (x86)\Microsoft SQL Server\100\DTS\Binn\;C:\Program Files (x86)\Microsoft SQL Server\100\Tools\Binn\VSShell\Common7\IDE\;C:\Program Files (x86)\Microsoft Visual Studio 9.0\Common7\IDE\PrivateAssemblies\;C:\Program Files (x86)\Skype\Phone\;E:\apache-maven-3.3.9\bin;C:\Program Files\Java\jdk1.8.0_91\bin;."/>
    <property name="java.specification.name" value="Java Platform API Specification"/>
    <property name="java.class.version" value="52.0"/>
    <property name="sun.management.compiler" value="HotSpot 64-Bit Tiered Compilers"/>
    <property name="os.version" value="6.3"/>
    <property name="user.home" value="C:\Users\Administrator"/>
    <property name="user.timezone" value="Asia/Bangkok"/>
    <property name="java.awt.printerjob" value="sun.awt.windows.WPrinterJob"/>
    <property name="java.specification.version" value="1.8"/>
    <property name="file.encoding" value="Cp1252"/>
    <property name="user.name" value="Administrator"/>
    <property name="java.class.path" value="E:\apache-maven-3.3.9\boot\plexus-classworlds-2.5.2.jar"/>
    <property name="java.vm.specification.version" value="1.8"/>
    <property name="sun.arch.data.model" value="64"/>
    <property name="java.home" value="C:\Program Files\Java\jdk1.8.0_91\jre"/>
    <property name="sun.java.command" value="org.codehaus.plexus.classworlds.launcher.Launcher test verify"/>
    <property name="java.specification.vendor" value="Oracle Corporation"/>
    <property name="user.language" value="en"/>
    <property name="awt.toolkit" value="sun.awt.windows.WToolkit"/>
    <property name="java.vm.info" value="mixed mode"/>
    <property name="java.version" value="1.8.0_91"/>
    <property name="java.ext.dirs" value="C:\Program Files\Java\jdk1.8.0_91\jre\lib\ext;C:\Windows\Sun\Java\lib\ext"/>
    <property name="sun.boot.class.path" value="C:\Program Files\Java\jdk1.8.0_91\jre\lib\resources.jar;C:\Program Files\Java\jdk1.8.0_91\jre\lib\rt.jar;C:\Program Files\Java\jdk1.8.0_91\jre\lib\sunrsasign.jar;C:\Program Files\Java\jdk1.8.0_91\jre\lib\jsse.jar;C:\Program Files\Java\jdk1.8.0_91\jre\lib\jce.jar;C:\Program Files\Java\jdk1.8.0_91\jre\lib\charsets.jar;C:\Program Files\Java\jdk1.8.0_91\jre\lib\jfr.jar;C:\Program Files\Java\jdk1.8.0_91\jre\classes"/>
    <property name="sun.stderr.encoding" value="cp437"/>
    <property name="java.vendor" value="Oracle Corporation"/>
    <property name="maven.home" value="E:\apache-maven-3.3.9"/>
    <property name="file.separator" value="\"/>
    <property name="java.vendor.url.bug" value="http://bugreport.sun.com/bugreport/"/>
    <property name="sun.cpu.endian" value="little"/>
    <property name="sun.io.unicode.encoding" value="UnicodeLittle"/>
    <property name="sun.stdout.encoding" value="cp437"/>
    <property name="sun.desktop" value="windows"/>
    <property name="sun.cpu.isalist" value="amd64"/>
  </properties>
  <testcase name="Given the page &quot;http://www.w3schools.com/tags/tryit.asp?filename=tryhtml_input_disabled&quot; is visited" classname="Scenario: General and Frame steps in English" time="0.002"/>
  <testcase name="And go inside the &quot;id=iframeResult&quot; frame" classname="Scenario: General and Frame steps in English" time="0"/>
  <testcase name="And go inside the &quot;id=iframeResult&quot; frame" classname="Scenario: General and Frame steps in English" time="0"/>
  <testcase name="Then assert that the &quot;name=fname&quot; element is enabled" classname="Scenario: General and Frame steps in English" time="0"/>
  <testcase name="And assert that the &quot;name=lname&quot; element is disabled" classname="Scenario: General and Frame steps in English" time="0"/>
  <testcase name="And assert that the &quot;xpath=//input[@type=&apos;submit&apos;]&quot; element is present" classname="Scenario: General and Frame steps in English" time="0"/>
  <testcase name="And assert that the &quot;xpath=//input[@type=&apos;password&apos;]&quot; element is absent" classname="Scenario: General and Frame steps in English" time="0"/>
  <testcase name="When the page &quot;http://www.w3schools.com/tags/tryit.asp?filename=tryhtml5_input_type_hidden&quot; is visited" classname="Scenario: General and Frame steps in English" time="0"/>
  <testcase name="Then assert that the &quot;value&quot; attribute of &quot;name=country&quot; is &quot;Norway&quot;" classname="Scenario: General and Frame steps in English" time="0"/>
  <testcase name="And assert that the &quot;name=country&quot; element is hidden" classname="Scenario: General and Frame steps in English" time="0"/>
  <testcase name="When change &quot;type&quot; attribute of &quot;name=country&quot; into &quot;display&quot;" classname="Scenario: General and Frame steps in English" time="0"/>
  <testcase name="Then assert that the &quot;name=country&quot; element is visible" classname="Scenario: General and Frame steps in English" time="0"/>
  <testcase name="When change &quot;value&quot; attribute of &quot;name=country&quot; into &quot;VIETNAM&quot;" classname="Scenario: General and Frame steps in English" time="0"/>
  <testcase name="Then assert that the &quot;value&quot; attribute of &quot;name=country&quot; is &quot;VIETNAM&quot;" classname="Scenario: General and Frame steps in English" time="0"/>
  <testcase name="When highlight &quot;name=country&quot; element" classname="Scenario: General and Frame steps in English" time="0"/>
  <testcase name="And set bound for &quot;name=country&quot; element" classname="Scenario: General and Frame steps in English" time="0"/>
  <testcase name="And capture image of &quot;name=country&quot; element and save as &quot;norway.png&quot;" classname="Scenario: General and Frame steps in English" time="0"/>
  <testcase name="Scenario: General and Frame steps in English" classname="Scenario: General and Frame steps in English" time="2.229"/>
</testsuite>